0 info it worked if it ends with ok
1 verbose cli [ 'C:\\Program Files\\nodejs\\node.exe',
1 verbose cli   'C:\\Program Files\\nodejs\\node_modules\\npm\\bin\\npm-cli.js',
1 verbose cli   'i' ]
2 info using npm@4.1.2
3 info using node@v7.5.0
4 silly loadCurrentTree Starting
5 silly install loadCurrentTree
6 silly install readLocalPackageData
7 silly install normalizeTree
8 silly loadCurrentTree Finishing
9 silly loadIdealTree Starting
10 silly install loadIdealTree
11 silly cloneCurrentTree Starting
12 silly install cloneCurrentTreeToIdealTree
13 silly cloneCurrentTree Finishing
14 silly loadShrinkwrap Starting
15 silly install loadShrinkwrap
16 silly loadShrinkwrap Finishing
17 silly loadAllDepsIntoIdealTree Starting
18 silly install loadAllDepsIntoIdealTree
19 silly fetchNamedPackageData wepback
20 silly mapToRegistry name wepback
21 silly mapToRegistry using default registry
22 silly mapToRegistry registry http://apc-lgmdcdvw202:8080/
23 silly mapToRegistry data Result {
23 silly mapToRegistry   raw: 'wepback',
23 silly mapToRegistry   scope: null,
23 silly mapToRegistry   escapedName: 'wepback',
23 silly mapToRegistry   name: 'wepback',
23 silly mapToRegistry   rawSpec: '',
23 silly mapToRegistry   spec: 'latest',
23 silly mapToRegistry   type: 'tag' }
24 silly mapToRegistry uri http://apc-lgmdcdvw202:8080/wepback
25 verbose request uri http://apc-lgmdcdvw202:8080/wepback
26 verbose request no auth needed
27 info attempt registry request try #1 at 5:32:37 PM
28 verbose request id eab21d2e582802da
29 verbose etag "90MLI092I1PMPAFLAFGXXWVTH"
30 http request GET http://apc-lgmdcdvw202:8080/wepback
31 http 304 http://apc-lgmdcdvw202:8080/wepback
32 verbose headers { date: 'Fri, 17 Feb 2017 09:32:37 GMT',
32 verbose headers   connection: 'keep-alive',
32 verbose headers   'x-rbt-optimized-by': 'OKSZ13WO01 (RiOS 9.1.1) SC' }
33 silly get cb [ 304,
33 silly get   { date: 'Fri, 17 Feb 2017 09:32:37 GMT',
33 silly get     connection: 'keep-alive',
33 silly get     'x-rbt-optimized-by': 'OKSZ13WO01 (RiOS 9.1.1) SC' } ]
34 verbose etag http://apc-lgmdcdvw202:8080/wepback from cache
35 verbose get saving wepback to C:\Users\liukai\AppData\Roaming\npm-cache\apc-lgmdcdvw202_8080\wepback\.cache.json
36 verbose correctMkdir C:\Users\liukai\AppData\Roaming\npm-cache correctMkdir not in flight; initializing
37 silly pickManifestFromRegistryMetadata spec >=1.13.1 <2.0.0 tag latest versions [ '0.0.1', '1.0.0' ]
38 silly fetchNamedPackageData No valid target from cache, forcing network
39 verbose request uri http://apc-lgmdcdvw202:8080/wepback
40 verbose request no auth needed
41 info attempt registry request try #1 at 5:32:37 PM
42 http request GET http://apc-lgmdcdvw202:8080/wepback
43 http 200 http://apc-lgmdcdvw202:8080/wepback
44 verbose headers { server: 'CouchDB/1.6.1 (Erlang OTP/17)',
44 verbose headers   etag: '"90MLI092I1PMPAFLAFGXXWVTH"',
44 verbose headers   date: 'Fri, 17 Feb 2017 09:32:37 GMT',
44 verbose headers   'content-type': 'application/json',
44 verbose headers   'content-length': '3273',
44 verbose headers   connection: 'keep-alive',
44 verbose headers   'x-rbt-optimized-by': 'OKSZ13WO01 (RiOS 9.1.1) SC' }
45 silly get cb [ 200,
45 silly get   { server: 'CouchDB/1.6.1 (Erlang OTP/17)',
45 silly get     etag: '"90MLI092I1PMPAFLAFGXXWVTH"',
45 silly get     date: 'Fri, 17 Feb 2017 09:32:37 GMT',
45 silly get     'content-type': 'application/json',
45 silly get     'content-length': '3273',
45 silly get     connection: 'keep-alive',
45 silly get     'x-rbt-optimized-by': 'OKSZ13WO01 (RiOS 9.1.1) SC' } ]
46 verbose get saving wepback to C:\Users\liukai\AppData\Roaming\npm-cache\apc-lgmdcdvw202_8080\wepback\.cache.json
47 verbose correctMkdir C:\Users\liukai\AppData\Roaming\npm-cache correctMkdir not in flight; initializing
48 silly pickManifestFromRegistryMetadata spec >=1.13.1 <2.0.0 tag latest versions [ '0.0.1', '1.0.0' ]
49 silly fetchPackageMetaData Error: No compatible version found: wepback@^1.13.1
49 silly fetchPackageMetaData Valid install targets:
49 silly fetchPackageMetaData 0.0.1, 1.0.0
49 silly fetchPackageMetaData
49 silly fetchPackageMetaData     at pickVersionFromRegistryDocument (C:\Program Files\nodejs\node_modules\npm\lib\fetch-package-metadata.js:158:16)
49 silly fetchPackageMetaData     at C:\Program Files\nodejs\node_modules\npm\node_modules\iferr\index.js:13:50
49 silly fetchPackageMetaData     at C:\Program Files\nodejs\node_modules\npm\lib\utils\pulse-till-done.js:20:8
49 silly fetchPackageMetaData     at saved (C:\Program Files\nodejs\node_modules\npm\lib\cache\caching-client.js:174:7)
49 silly fetchPackageMetaData     at C:\Program Files\nodejs\node_modules\npm\node_modules\graceful-fs\polyfills.js:261:18
49 silly fetchPackageMetaData     at FSReqWrap.oncomplete (fs.js:112:15)
49 silly fetchPackageMetaData  error for wepback@^1.13.1 { Error: No compatible version found: wepback@^1.13.1
49 silly fetchPackageMetaData Valid install targets:
49 silly fetchPackageMetaData 0.0.1, 1.0.0
49 silly fetchPackageMetaData
49 silly fetchPackageMetaData     at pickVersionFromRegistryDocument (C:\Program Files\nodejs\node_modules\npm\lib\fetch-package-metadata.js:158:16)
49 silly fetchPackageMetaData     at C:\Program Files\nodejs\node_modules\npm\node_modules\iferr\index.js:13:50
49 silly fetchPackageMetaData     at C:\Program Files\nodejs\node_modules\npm\lib\utils\pulse-till-done.js:20:8
49 silly fetchPackageMetaData     at saved (C:\Program Files\nodejs\node_modules\npm\lib\cache\caching-client.js:174:7)
49 silly fetchPackageMetaData     at C:\Program Files\nodejs\node_modules\npm\node_modules\graceful-fs\polyfills.js:261:18
49 silly fetchPackageMetaData     at FSReqWrap.oncomplete (fs.js:112:15) code: 'ETARGET' }
50 silly rollbackFailedOptional Starting
51 silly rollbackFailedOptional Finishing
52 silly runTopLevelLifecycles Finishing
53 silly install printInstalled
54 verbose stack Error: No compatible version found: wepback@^1.13.1
54 verbose stack Valid install targets:
54 verbose stack 0.0.1, 1.0.0
54 verbose stack
54 verbose stack     at pickVersionFromRegistryDocument (C:\Program Files\nodejs\node_modules\npm\lib\fetch-package-metadata.js:158:16)
54 verbose stack     at C:\Program Files\nodejs\node_modules\npm\node_modules\iferr\index.js:13:50
54 verbose stack     at C:\Program Files\nodejs\node_modules\npm\lib\utils\pulse-till-done.js:20:8
54 verbose stack     at saved (C:\Program Files\nodejs\node_modules\npm\lib\cache\caching-client.js:174:7)
54 verbose stack     at C:\Program Files\nodejs\node_modules\npm\node_modules\graceful-fs\polyfills.js:261:18
54 verbose stack     at FSReqWrap.oncomplete (fs.js:112:15)
55 verbose cwd C:\Users\liukai\Desktop\code\test
56 error Windows_NT 6.1.7601
57 error argv "C:\\Program Files\\nodejs\\node.exe" "C:\\Program Files\\nodejs\\node_modules\\npm\\bin\\npm-cli.js" "i"
58 error node v7.5.0
59 error npm  v4.1.2
60 error code ETARGET
61 error notarget No compatible version found: wepback@^1.13.1
61 error notarget Valid install targets:
61 error notarget 0.0.1, 1.0.0
62 error notarget This is most likely not a problem with npm itself.
62 error notarget In most cases you or one of your dependencies are requesting
62 error notarget a package version that doesn't exist.
62 error notarget
62 error notarget It was specified as a dependency of 'fetch-retry'
63 verbose exit [ 1, true ]
